d:\raghuveer\git\autocadrudra\x64\debug\autocadautomation.lib
d:\raghuveer\git\autocadrudra\x64\debug\autocadautomation.exp
d:\raghuveer\git\autocadrudra\consoleapplication1\x64\debug\vc143.pdb
d:\raghuveer\git\autocadrudra\consoleapplication1\x64\debug\vc143.idb
d:\raghuveer\git\autocadrudra\consoleapplication1\x64\debug\utilities.obj
d:\raghuveer\git\autocadrudra\consoleapplication1\x64\debug\reportingrebar.obj
d:\raghuveer\git\autocadrudra\consoleapplication1\x64\debug\reportinginterference.obj
d:\raghuveer\git\autocadrudra\consoleapplication1\x64\debug\reportingexcel.obj
d:\raghuveer\git\autocadrudra\consoleapplication1\x64\debug\panelbuilder.obj
d:\raghuveer\git\autocadrudra\consoleapplication1\x64\debug\panel.obj
d:\raghuveer\git\autocadrudra\consoleapplication1\x64\debug\inputbox.obj
d:\raghuveer\git\autocadrudra\consoleapplication1\x64\debug\main.obj
d:\raghuveer\git\autocadrudra\consoleapplication1\x64\debug\collectionhelper.obj
d:\raghuveer\git\autocadrudra\consoleapplication1\x64\debug\automationtoolkit.obj
d:\raghuveer\git\autocadrudra\consoleapplication1\x64\debug\autocadautomation.ilk
d:\raghuveer\git\autocadrudra\x64\debug\autocadautomation.arx
d:\raghuveer\git\autocadrudra\x64\debug\autocadautomation.pdb
d:\raghuveer\git - copy\autocadautomation\autocadautomation\x64\debug\automationtoolkit.obj
d:\raghuveer\git - copy\autocadautomation\autocadautomation\x64\debug\collectionhelper.obj
d:\raghuveer\git - copy\autocadautomation\autocadautomation\x64\debug\inputbox.obj
d:\raghuveer\git - copy\autocadautomation\autocadautomation\x64\debug\main.obj
d:\raghuveer\git - copy\autocadautomation\autocadautomation\x64\debug\panel.obj
d:\raghuveer\git - copy\autocadautomation\autocadautomation\x64\debug\panelbuilder.obj
d:\raghuveer\git - copy\autocadautomation\autocadautomation\x64\debug\reportingexcel.obj
d:\raghuveer\git - copy\autocadautomation\autocadautomation\x64\debug\reportinginterference.obj
d:\raghuveer\git - copy\autocadautomation\autocadautomation\x64\debug\reportingrebar.obj
d:\raghuveer\git - copy\autocadautomation\autocadautomation\x64\debug\utilities.obj
d:\raghuveer\git - copy\autocadautomation\autocadautomation\x64\debug\autocadautomation.ilk
d:\raghuveer\git - copy\autocadautomation\autocadautomation\x64\debug\vc143.idb
d:\raghuveer\git - copy\autocadautomation\autocadautomation\x64\debug\vc143.pdb
d:\raghuveer\git - copy\autocadautomation\x64\debug\autocadautomation.pdb
d:\raghuveer\git - copy\autocadautomation\x64\debug\autocadautomation.arx
d:\raghuveer\git - copy\autocadautomation\autocadautomation\x64\debug\autocada.403e89e2.tlog\autocadautomation.write.1u.tlog
d:\raghuveer\git - copy\autocadautomation\autocadautomation\x64\debug\autocada.403e89e2.tlog\cl.command.1.tlog
d:\raghuveer\git - copy\autocadautomation\autocadautomation\x64\debug\autocada.403e89e2.tlog\cl.read.1.tlog
d:\raghuveer\git - copy\autocadautomation\autocadautomation\x64\debug\autocada.403e89e2.tlog\cl.write.1.tlog
d:\raghuveer\git - copy\autocadautomation\autocadautomation\x64\debug\autocada.403e89e2.tlog\link.command.1.tlog
d:\raghuveer\git - copy\autocadautomation\autocadautomation\x64\debug\autocada.403e89e2.tlog\link.read.1.tlog
d:\raghuveer\git - copy\autocadautomation\autocadautomation\x64\debug\autocada.403e89e2.tlog\link.write.1.tlog
