  AutomationToolkit.cpp
C:\Program Files\Microsoft Visual Studio\2022\Community\VC\Tools\MSVC\14.32.31326\include\xstring(2603,27): warning C4244: 'argument': conversion from 'wchar_t' to 'const _Elem', possible loss of data
          with
          [
              _Elem=char
          ]
D:\Raghuveer\Git\AutoCADRudra\ConsoleApplication1\Reporting\ReportingBase.h(36): message : see reference to function template instantiation 'std::basic_string<char,std::char_traits<char>,std::allocator<char>>::basic_string<std::_String_iterator<std::_String_val<std::_Simple_types<_Elem>>>,0>(_Iter,_Iter,const _Alloc &)' being compiled
          with
          [
              _Elem=wchar_t,
              _Iter=std::_String_iterator<std::_String_val<std::_Simple_types<wchar_t>>>,
              _Alloc=std::allocator<char>
          ]
D:\Raghuveer\Git\AutoCADRudra\ConsoleApplication1\Reporting\ReportingBase.h(36): message : see reference to function template instantiation 'std::basic_string<char,std::char_traits<char>,std::allocator<char>>::basic_string<std::_String_iterator<std::_String_val<std::_Simple_types<_Elem>>>,0>(_Iter,_Iter,const _Alloc &)' being compiled
          with
          [
              _Elem=wchar_t,
              _Iter=std::_String_iterator<std::_String_val<std::_Simple_types<wchar_t>>>,
              _Alloc=std::allocator<char>
          ]
  CollectionHelper.cpp
C:\Program Files\Microsoft Visual Studio\2022\Community\VC\Tools\MSVC\14.32.31326\include\xstring(2603,27): warning C4244: 'argument': conversion from 'wchar_t' to 'const _Elem', possible loss of data
          with
          [
              _Elem=char
          ]
D:\Raghuveer\Git\AutoCADRudra\ConsoleApplication1\CollectionHelper.cpp(205): message : see reference to function template instantiation 'std::basic_string<char,std::char_traits<char>,std::allocator<char>>::basic_string<std::_String_iterator<std::_String_val<std::_Simple_types<_Elem>>>,0>(_Iter,_Iter,const _Alloc &)' being compiled
          with
          [
              _Elem=wchar_t,
              _Iter=std::_String_iterator<std::_String_val<std::_Simple_types<wchar_t>>>,
              _Alloc=std::allocator<char>
          ]
D:\Raghuveer\Git\AutoCADRudra\ConsoleApplication1\CollectionHelper.cpp(205): message : see reference to function template instantiation 'std::basic_string<char,std::char_traits<char>,std::allocator<char>>::basic_string<std::_String_iterator<std::_String_val<std::_Simple_types<_Elem>>>,0>(_Iter,_Iter,const _Alloc &)' being compiled
          with
          [
              _Elem=wchar_t,
              _Iter=std::_String_iterator<std::_String_val<std::_Simple_types<wchar_t>>>,
              _Alloc=std::allocator<char>
          ]
  Main.cpp
D:\Raghuveer\Git\AutoCADRudra\ConsoleApplication1\Main.cpp(45,13): warning C4101: 'millisec_since_epoch': unreferenced local variable
C:\Program Files\Microsoft Visual Studio\2022\Community\VC\Tools\MSVC\14.32.31326\include\xstring(2603,27): warning C4244: 'argument': conversion from 'wchar_t' to 'const _Elem', possible loss of data
          with
          [
              _Elem=char
          ]
D:\Raghuveer\Git\AutoCADRudra\ConsoleApplication1\Reporting\ReportingBase.h(36): message : see reference to function template instantiation 'std::basic_string<char,std::char_traits<char>,std::allocator<char>>::basic_string<std::_String_iterator<std::_String_val<std::_Simple_types<_Elem>>>,0>(_Iter,_Iter,const _Alloc &)' being compiled
          with
          [
              _Elem=wchar_t,
              _Iter=std::_String_iterator<std::_String_val<std::_Simple_types<wchar_t>>>,
              _Alloc=std::allocator<char>
          ]
D:\Raghuveer\Git\AutoCADRudra\ConsoleApplication1\Reporting\ReportingBase.h(36): message : see reference to function template instantiation 'std::basic_string<char,std::char_traits<char>,std::allocator<char>>::basic_string<std::_String_iterator<std::_String_val<std::_Simple_types<_Elem>>>,0>(_Iter,_Iter,const _Alloc &)' being compiled
          with
          [
              _Elem=wchar_t,
              _Iter=std::_String_iterator<std::_String_val<std::_Simple_types<wchar_t>>>,
              _Alloc=std::allocator<char>
          ]
  InputBox.cpp
  The contents of <filesystem> are available only with C++17 or later.
D:\Raghuveer\Git\AutoCADRudra\ConsoleApplication1\InputBox.cpp(31,120): warning C4267: 'argument': conversion from 'size_t' to 'int', possible loss of data
  Panel.cpp
D:\Raghuveer\Git\AutoCADRudra\ConsoleApplication1\Panel.cpp(331,101): warning C4244: 'argument': conversion from 'double' to 'float', possible loss of data
D:\Raghuveer\Git\AutoCADRudra\ConsoleApplication1\Panel.cpp(331,62): warning C4244: 'argument': conversion from 'double' to 'float', possible loss of data
D:\Raghuveer\Git\AutoCADRudra\ConsoleApplication1\Panel.cpp(331,54): warning C4244: 'argument': conversion from '_Ty1' to 'float', possible loss of data
          with
          [
              _Ty1=double
          ]
D:\Raghuveer\Git\AutoCADRudra\ConsoleApplication1\Panel.cpp(341,19): warning C4244: 'initializing': conversion from 'double' to 'float', possible loss of data
D:\Raghuveer\Git\AutoCADRudra\ConsoleApplication1\Panel.cpp(361,103): warning C4244: 'argument': conversion from 'double' to 'float', possible loss of data
D:\Raghuveer\Git\AutoCADRudra\ConsoleApplication1\Panel.cpp(361,64): warning C4244: 'argument': conversion from 'double' to 'float', possible loss of data
D:\Raghuveer\Git\AutoCADRudra\ConsoleApplication1\Panel.cpp(361,55): warning C4244: 'argument': conversion from '_Ty2' to 'float', possible loss of data
          with
          [
              _Ty2=double
          ]
D:\Raghuveer\Git\AutoCADRudra\ConsoleApplication1\Panel.cpp(371,19): warning C4244: 'initializing': conversion from 'double' to 'float', possible loss of data
D:\Raghuveer\Git\AutoCADRudra\ConsoleApplication1\Panel.cpp(565,114): warning C4244: 'argument': conversion from 'double' to 'float', possible loss of data
D:\Raghuveer\Git\AutoCADRudra\ConsoleApplication1\Panel.cpp(565,67): warning C4244: 'argument': conversion from 'double' to 'float', possible loss of data
  PanelBuilder.cpp
  ReportingExcel.cpp
C:\Program Files\Microsoft Visual Studio\2022\Community\VC\Tools\MSVC\14.32.31326\include\xstring(2603,27): warning C4244: 'argument': conversion from 'wchar_t' to 'const _Elem', possible loss of data
          with
          [
              _Elem=char
          ]
D:\Raghuveer\Git\AutoCADRudra\ConsoleApplication1\Reporting\ReportingBase.h(36): message : see reference to function template instantiation 'std::basic_string<char,std::char_traits<char>,std::allocator<char>>::basic_string<std::_String_iterator<std::_String_val<std::_Simple_types<_Elem>>>,0>(_Iter,_Iter,const _Alloc &)' being compiled
          with
          [
              _Elem=wchar_t,
              _Iter=std::_String_iterator<std::_String_val<std::_Simple_types<wchar_t>>>,
              _Alloc=std::allocator<char>
          ]
D:\Raghuveer\Git\AutoCADRudra\ConsoleApplication1\Reporting\ReportingBase.h(36): message : see reference to function template instantiation 'std::basic_string<char,std::char_traits<char>,std::allocator<char>>::basic_string<std::_String_iterator<std::_String_val<std::_Simple_types<_Elem>>>,0>(_Iter,_Iter,const _Alloc &)' being compiled
          with
          [
              _Elem=wchar_t,
              _Iter=std::_String_iterator<std::_String_val<std::_Simple_types<wchar_t>>>,
              _Alloc=std::allocator<char>
          ]
  ReportingInterference.cpp
C:\Program Files\Microsoft Visual Studio\2022\Community\VC\Tools\MSVC\14.32.31326\include\xstring(2603,27): warning C4244: 'argument': conversion from 'wchar_t' to 'const _Elem', possible loss of data
          with
          [
              _Elem=char
          ]
D:\Raghuveer\Git\AutoCADRudra\ConsoleApplication1\Reporting\ReportingBase.h(36): message : see reference to function template instantiation 'std::basic_string<char,std::char_traits<char>,std::allocator<char>>::basic_string<std::_String_iterator<std::_String_val<std::_Simple_types<_Elem>>>,0>(_Iter,_Iter,const _Alloc &)' being compiled
          with
          [
              _Elem=wchar_t,
              _Iter=std::_String_iterator<std::_String_val<std::_Simple_types<wchar_t>>>,
              _Alloc=std::allocator<char>
          ]
D:\Raghuveer\Git\AutoCADRudra\ConsoleApplication1\Reporting\ReportingBase.h(36): message : see reference to function template instantiation 'std::basic_string<char,std::char_traits<char>,std::allocator<char>>::basic_string<std::_String_iterator<std::_String_val<std::_Simple_types<_Elem>>>,0>(_Iter,_Iter,const _Alloc &)' being compiled
          with
          [
              _Elem=wchar_t,
              _Iter=std::_String_iterator<std::_String_val<std::_Simple_types<wchar_t>>>,
              _Alloc=std::allocator<char>
          ]
  ReportingRebar.cpp
C:\Program Files\Microsoft Visual Studio\2022\Community\VC\Tools\MSVC\14.32.31326\include\xstring(2603,27): warning C4244: 'argument': conversion from 'wchar_t' to 'const _Elem', possible loss of data
          with
          [
              _Elem=char
          ]
D:\Raghuveer\Git\AutoCADRudra\ConsoleApplication1\Reporting\ReportingBase.h(36): message : see reference to function template instantiation 'std::basic_string<char,std::char_traits<char>,std::allocator<char>>::basic_string<std::_String_iterator<std::_String_val<std::_Simple_types<_Elem>>>,0>(_Iter,_Iter,const _Alloc &)' being compiled
          with
          [
              _Elem=wchar_t,
              _Iter=std::_String_iterator<std::_String_val<std::_Simple_types<wchar_t>>>,
              _Alloc=std::allocator<char>
          ]
D:\Raghuveer\Git\AutoCADRudra\ConsoleApplication1\Reporting\ReportingBase.h(36): message : see reference to function template instantiation 'std::basic_string<char,std::char_traits<char>,std::allocator<char>>::basic_string<std::_String_iterator<std::_String_val<std::_Simple_types<_Elem>>>,0>(_Iter,_Iter,const _Alloc &)' being compiled
          with
          [
              _Elem=wchar_t,
              _Iter=std::_String_iterator<std::_String_val<std::_Simple_types<wchar_t>>>,
              _Alloc=std::allocator<char>
          ]
  Utilities.cpp
D:\Raghuveer\Git\AutoCADRudra\ConsoleApplication1\Utilities.cpp(81,20): warning C4244: 'initializing': conversion from 'double' to 'float', possible loss of data
  Generating Code...
     Creating library D:\Raghuveer\Git\AutoCADRudra\x64\Debug\AutoCADAutomation.lib and object D:\Raghuveer\Git\AutoCADRudra\x64\Debug\AutoCADAutomation.exp
rxapi.lib(libinit.obj) : warning LNK4099: PDB 'rxapi.pdb' was not found with 'rxapi.lib(libinit.obj)' or at 'D:\Raghuveer\Git\AutoCADRudra\x64\Debug\rxapi.pdb'; linking object as if no debug info
MSVCRTD.lib(initializers.obj) : warning LNK4098: defaultlib 'msvcrt.lib' conflicts with use of other libs; use /NODEFAULTLIB:library
  ConsoleApplication1.vcxproj -> D:\Raghuveer\Git\AutoCADRudra\x64\Debug\AutoCADAutomation.arx
